<?xml version="1.0" encoding="UTF-8"?>
<testsuite xmlns:xsi="http://www.w3.org/2001/XMLSchema-instance" xsi:noNamespaceSchemaLocation="https://maven.apache.org/surefire/maven-surefire-plugin/xsd/surefire-test-report.xsd" version="3.0.2" name="com.example.gamificacao.grupo_7.service.AlunoServiceTest" time="1.712" tests="10" errors="0" skipped="0" failures="0" flakes="0">
  <properties>
[...]
</properties>
  <testcase name="deveFazerLoginComCredenciaisValidas" classname="com.example.gamificacao.grupo_7.service.AlunoServiceTest" time="1.625">
    <system-err><![CDATA[Mockito is currently self-attaching to enable the inline-mock-maker. This will no longer work in future releases of the JDK. Please add Mockito as an agent to your build as described in Mockito's documentation: https://javadoc.io/doc/org.mockito/mockito-core/latest/org.mockito/org/mockito/Mockito.html#0.3
WARNING: A Java agent has been loaded dynamically (/home/giovanne/.m2/repository/net/bytebuddy/byte-buddy-agent/1.18.11/byte-buddy-agent-1.18.11.jar)
WARNING: If a serviceability tool is in use, please run with -XX:+EnableDynamicAgentLoading to hide this warning
WARNING: If a serviceability tool is not in use, please run with -Djdk.instrument.traceUsage for more information
WARNING: Dynamic loading of agents will be disallowed by default in a future release
]]></system-err>
  </testcase>
  <testcase name="naoDeveCriarAlunoComEmailJaCadastrado" classname="com.example.gamificacao.grupo_7.service.AlunoServiceTest" time="0.022"/>
  <testcase name="deveBuscarAlunoPorId" classname="com.example.gamificacao.grupo_7.service.AlunoServiceTest" time="0.006"/>
  <testcase name="deveBuscarAlunoPorRA" classname="com.example.gamificacao.grupo_7.service.AlunoServiceTest" time="0.005"/>
  <testcase name="naoDeveFazerLoginComEmailInexistente" classname="com.example.gamificacao.grupo_7.service.AlunoServiceTest" time="0.004"/>
  <testcase name="deveCriarAluno" classname="com.example.gamificacao.grupo_7.service.AlunoServiceTest" time="0.017">
    <system-out><![CDATA[22:41:56.242 [main] INFO com.example.gamificacao.grupo_7.service.AlunoServiceTest -- Iniciando teste de criacao de aluno
]]></system-out>
  </testcase>
  <testcase name="naoDeveFazerLoginComSenhaIncorreta" classname="com.example.gamificacao.grupo_7.service.AlunoServiceTest" time="0.004"/>
  <testcase name="deveLancarExcecaoQuandoAlunoNaoExistePorId" classname="com.example.gamificacao.grupo_7.service.AlunoServiceTest" time="0.005"/>
  <testcase name="deveLancarExcecaoQuandoAlunoNaoExistePorRA" classname="com.example.gamificacao.grupo_7.service.AlunoServiceTest" time="0.005"/>
  <testcase name="deveListarAlunos" classname="com.example.gamificacao.grupo_7.service.AlunoServiceTest" time="0.005"/>
</testsuite>