<?xml version="1.0" encoding="UTF-8"?>
<testsuite xmlns:xsi="http://www.w3.org/2001/XMLSchema-instance" xsi:noNamespaceSchemaLocation="https://maven.apache.org/surefire/maven-surefire-plugin/xsd/surefire-test-report.xsd" version="3.0.2" name="com.example.gamificacao.grupo_7.ApplicationTests" time="7.983" tests="1" errors="0" skipped="0" failures="0" flakes="0">
  <properties>
[...]
</properties>
  <testcase name="contextLoads" classname="com.example.gamificacao.grupo_7.ApplicationTests" time="0.009">
    <system-out><![CDATA[20:32:21.166 [main] INFO org.springframework.test.context.support.AnnotationConfigContextLoaderUtils -- Could not detect default configuration classes for test class [com.example.gamificacao.grupo_7.ApplicationTests]: ApplicationTests does not declare any static, non-private, non-final, nested classes annotated with @Configuration.
20:32:21.280 [main] INFO org.springframework.boot.test.context.SpringBootTestContextBootstrapper -- Found @SpringBootConfiguration com.example.gamificacao.grupo_7.Application for test class com.example.gamificacao.grupo_7.ApplicationTests
20:32:21.390 [main] INFO org.springframework.test.context.support.AnnotationConfigContextLoaderUtils -- Could not detect default configuration classes for test class [com.example.gamificacao.grupo_7.ApplicationTests]: ApplicationTests does not declare any static, non-private, non-final, nested classes annotated with @Configuration.
20:32:21.391 [main] INFO org.springframework.test.context.support.AnnotationConfigContextLoaderUtils -- Could not detect default configuration classes for test class [com.example.gamificacao.grupo_7.AbstractIntegrationTest]: AbstractIntegrationTest does not declare any static, non-private, non-final, nested classes annotated with @Configuration.
20:32:21.392 [main] INFO org.springframework.boot.test.context.SpringBootTestContextBootstrapper -- Found @SpringBootConfiguration com.example.gamificacao.grupo_7.Application for test class com.example.gamificacao.grupo_7.ApplicationTests
20:32:21.444 [main] INFO org.testcontainers.images.PullPolicy -- Image pull policy will be performed by: DefaultPullPolicy()
20:32:21.446 [main] INFO org.testcontainers.utility.ImageNameSubstitutor -- Image name substitution will be performed by: DefaultImageNameSubstitutor (composite of 'ConfigurationFileImageNameSubstitutor' and 'PrefixingImageNameSubstitutor')
20:32:21.454 [main] INFO org.testcontainers.DockerClientFactory -- Testcontainers version: 1.21.3
20:32:21.731 [main] INFO org.testcontainers.dockerclient.DockerClientProviderStrategy -- Loaded org.testcontainers.dockerclient.UnixSocketClientProviderStrategy from ~/.testcontainers.properties, will try it first
20:32:22.026 [main] INFO org.testcontainers.dockerclient.DockerClientProviderStrategy -- Found Docker environment with local Unix socket (unix:///var/run/docker.sock)
20:32:22.028 [main] INFO org.testcontainers.DockerClientFactory -- Docker host IP address is localhost
20:32:22.043 [main] INFO org.testcontainers.DockerClientFactory -- Connected to docker: 
  Server Version: 29.8.0
  API Version: 1.56
  Operating System: Ubuntu 24.04.5 LTS
  Total Memory: 15897 MB
20:32:22.160 [main] INFO tc.testcontainers/ryuk:0.12.0 -- Creating container for image: testcontainers/ryuk:0.12.0
20:32:22.296 [main] INFO tc.testcontainers/ryuk:0.12.0 -- Container testcontainers/ryuk:0.12.0 is starting: 9086a8bef3c67ac4cf04a8aa453bfa602201be470714df5904d9e49d23edbec7
20:32:22.568 [main] INFO tc.testcontainers/ryuk:0.12.0 -- Container testcontainers/ryuk:0.12.0 started in PT0.407560413S
20:32:22.572 [main] INFO org.testcontainers.utility.RyukResourceReaper -- Ryuk started - will monitor and terminate Testcontainers containers on JVM exit
20:32:22.572 [main] INFO org.testcontainers.DockerClientFactory -- Checking the system...
20:32:22.573 [main] INFO org.testcontainers.DockerClientFactory -- ✔︎ Docker server version should be at least 1.6.0
20:32:22.573 [main] INFO tc.postgres:16-alpine -- Creating container for image: postgres:16-alpine
20:32:22.625 [main] INFO tc.postgres:16-alpine -- Container postgres:16-alpine is starting: fc0c9c3cb2e642c8044e92d98d38100a612f338a9196da7a8891ca930da51fce
20:32:24.061 [main] INFO tc.postgres:16-alpine -- Container postgres:16-alpine started in PT1.487860217S
20:32:24.062 [main] INFO tc.postgres:16-alpine -- Container is started (JDBC URL: jdbc:postgresql://localhost:32802/test?loggerLevel=OFF)
20:32:24.101 [main] INFO org.springframework.boot.devtools.restart.RestartApplicationListener -- Restart disabled due to context in which it is running

  .   ____          _            __ _ _
 /\\ / ___'_ __ _ _(_)_ __  __ _ \ \ \ \
( ( )\___ | '_ | '_| | '_ \/ _` | \ \ \ \
 \\/  ___)| |_)| | | | | || (_| |  ) ) ) )
  '  |____| .__|_| |_|_| |_\__, | / / / /
 =========|_|==============|___/=/_/_/_/

 :: Spring Boot ::                (v4.1.1)

2026-09-15T20:32:24.350-03:00  INFO 454550 --- [gamificacao.grupo-7] [           main] c.e.g.grupo_7.ApplicationTests           : Starting ApplicationTests using Java 21.0.11 with PID 454550 (started by giovanne in /home/giovanne/Documentos/DevOps/Pratica5-DevOps/api)
2026-09-15T20:32:24.352-03:00  INFO 454550 --- [gamificacao.grupo-7] [           main] c.e.g.grupo_7.ApplicationTests           : No active profile set, falling back to 1 default profile: "default"
2026-09-15T20:32:25.177-03:00  INFO 454550 --- [gamificacao.grupo-7] [           main] .s.d.r.c.RepositoryConfigurationDelegate : Bootstrapping Spring Data JPA repositories in DEFAULT mode.
2026-09-15T20:32:25.231-03:00  INFO 454550 --- [gamificacao.grupo-7] [           main] .s.d.r.c.RepositoryConfigurationDelegate : Finished Spring Data repository scanning in 45 ms. Found 3 JPA repository interfaces.
2026-09-15T20:32:25.676-03:00  INFO 454550 --- [gamificacao.grupo-7] [           main] org.hibernate.orm.jpa                    : HHH008540: Processing PersistenceUnitInfo [name: default]
2026-09-15T20:32:25.727-03:00  INFO 454550 --- [gamificacao.grupo-7] [           main] org.hibernate.orm.core                   : HHH000001: Hibernate ORM core version 7.4.5.Final
2026-09-15T20:32:25.961-03:00  INFO 454550 --- [gamificacao.grupo-7] [           main] o.s.o.j.p.SpringPersistenceUnitInfo      : No LoadTimeWeaver setup: ignoring JPA class transformer
2026-09-15T20:32:25.998-03:00  INFO 454550 --- [gamificacao.grupo-7] [           main] com.zaxxer.hikari.HikariDataSource       : HikariPool-1 - Starting...
2026-09-15T20:32:26.168-03:00  INFO 454550 --- [gamificacao.grupo-7] [           main] com.zaxxer.hikari.pool.HikariPool        : HikariPool-1 - Added connection org.postgresql.jdbc.PgConnection@8fdff8a
2026-09-15T20:32:26.169-03:00  INFO 454550 --- [gamificacao.grupo-7] [           main] com.zaxxer.hikari.HikariDataSource       : HikariPool-1 - Start completed.
2026-09-15T20:32:26.247-03:00  INFO 454550 --- [gamificacao.grupo-7] [           main] org.hibernate.orm.connections.pooling    : HHH10001005: Database info:
	Database JDBC URL [jdbc:postgresql://localhost:32802/test?loggerLevel=OFF]
	Database driver: PostgreSQL JDBC Driver
	Database dialect: PostgreSQLDialect
	Database version: 16.15
	Default catalog/schema: test/public
	Autocommit mode: undefined/unknown
	Isolation level: READ_COMMITTED [default READ_COMMITTED]
	JDBC fetch size: none
	Pool: DataSourceConnectionProvider
	Minimum pool size: undefined/unknown
	Maximum pool size: undefined/unknown
2026-09-15T20:32:27.133-03:00  INFO 454550 --- [gamificacao.grupo-7] [           main] org.hibernate.orm.core                   : HHH000489: No JTA platform available (set 'hibernate.transaction.jta.platform' to enable JTA platform integration)
Hibernate: create table alunos (id uuid not null, created_at timestamp(6) not null, email varchar(255) not null, moedas integer, name varchar(255) not null, password varchar(255) not null, plano varchar(255) not null check ((plano in ('PREMIUM','BASICO'))), ra varchar(255), updated_at timestamp(6) not null, primary key (id))
Hibernate: create table cursos (id uuid not null, created_at timestamp(6) not null, name varchar(255) not null, nota_final float(53), status smallint check ((status between 0 and 2)), updated_at timestamp(6) not null, primary key (id))
Hibernate: create table matriculas (id uuid not null, created_at timestamp(6) not null, updated_at timestamp(6) not null, aluno_id uuid not null, curso_id uuid, primary key (id))
Hibernate: create table vouchers (id uuid not null, created_at timestamp(6) not null, descricao varchar(255), expires_at timestamp(6), nome varchar(255) not null, status varchar(255) check ((status in ('VALIDO','UTILIZADO','EXPIRADO'))), updated_at timestamp(6) not null, valor_em_centavos float(53), aluno_id uuid not null, primary key (id))
Hibernate: alter table if exists matriculas drop constraint if exists UK9tg9ltd0u3lfv3w2oqqaw0q2k
2026-09-15T20:32:27.204-03:00  WARN 454550 --- [gamificacao.grupo-7] [           main] org.hibernate.orm.jdbc.warn              : HHH000247: ErrorCode: 0, SQLState: 00000
2026-09-15T20:32:27.204-03:00  WARN 454550 --- [gamificacao.grupo-7] [           main] org.hibernate.orm.jdbc.warn              : constraint "uk9tg9ltd0u3lfv3w2oqqaw0q2k" of relation "matriculas" does not exist, skipping
Hibernate: alter table if exists matriculas add constraint UK9tg9ltd0u3lfv3w2oqqaw0q2k unique (curso_id)
Hibernate: alter table if exists matriculas add constraint FKrwsrt4qf6q7fghkawume7g1ya foreign key (aluno_id) references alunos
Hibernate: alter table if exists matriculas add constraint FKtgxnkauqy13npoi9q2t9n0ol5 foreign key (curso_id) references cursos
Hibernate: alter table if exists vouchers add constraint FKh8o71pyd9ik67rqcsl7oj7kgt foreign key (aluno_id) references alunos
2026-09-15T20:32:27.212-03:00  INFO 454550 --- [gamificacao.grupo-7] [           main] j.LocalContainerEntityManagerFactoryBean : Initialized JPA EntityManagerFactory for persistence unit 'default'
2026-09-15T20:32:27.281-03:00  INFO 454550 --- [gamificacao.grupo-7] [           main] o.s.d.j.r.query.QueryEnhancerFactories   : Hibernate is in classpath; If applicable, HQL parser will be used.
2026-09-15T20:32:28.217-03:00  WARN 454550 --- [gamificacao.grupo-7] [           main] JpaBaseConfiguration$JpaWebConfiguration : spring.jpa.open-in-view is enabled by default. Therefore, database queries may be performed during view rendering. Explicitly configure spring.jpa.open-in-view to disable this warning
2026-09-15T20:32:28.311-03:00  WARN 454550 --- [gamificacao.grupo-7] [           main] .s.a.UserDetailsServiceAutoConfiguration : 

Using generated security password: 83aa385f-7aaf-4d2a-add7-93d557f73fb7

This generated password is for development use only. Your security configuration must be updated before running your application in production.

2026-09-15T20:32:28.318-03:00  INFO 454550 --- [gamificacao.grupo-7] [           main] r$InitializeUserDetailsManagerConfigurer : Global AuthenticationManager configured with UserDetailsService bean with name inMemoryUserDetailsManager
2026-09-15T20:32:28.951-03:00  INFO 454550 --- [gamificacao.grupo-7] [           main] c.e.g.grupo_7.ApplicationTests           : Started ApplicationTests in 4.86 seconds (process running for 10.664)
2026-09-15T20:32:28.953-03:00  WARN 454550 --- [gamificacao.grupo-7] [           main] o.s.core.events.SpringDocAppInitializer  : SpringDoc /docs endpoint is enabled by default. To disable it in production, set the property 'springdoc.api-docs.enabled=false'
]]></system-out>
  </testcase>
</testsuite>